<?xml version="1.0" encoding="UTF-8"?>
<!-- Generated by org.testng.reporters.JUnitReportReporter -->
<testsuite skipped="0" hostname="DESKTOP-KI9M1GO" name="pkj1.elementvisible" tests="1" failures="0" timestamp="28 Jan 2022 18:40:26 GMT" time="0.060" errors="0">
  <testcase name="loggetest" time="0.060" classname="pkj1.elementvisible"/>
</testsuite> <!-- pkj1.elementvisible -->
